<?xml version="1.0" encoding="UTF-8"?>
<!-- Generated by org.testng.reporters.JUnitReportReporter -->
<testsuite skipped="0" hostname="INLN50909419A" name="cucumberTest_TestNG.TestRunner_TESTNG" tests="2" failures="0" timestamp="12 Sep 2018 02:41:25 GMT" time="251.485" errors="0">
  <testcase name="feature" time="59.296" classname="cucumberTest_TestNG.TestRunner_TESTNG"/>
  <testcase name="feature" time="192.189" classname="cucumberTest_TestNG.TestRunner_TESTNG"/>
</testsuite> <!-- cucumberTest_TestNG.TestRunner_TESTNG -->
